<?xml version="1.0" encoding="UTF-8"?>
<testng-results skipped="0" failed="0" ignored="0" total="1" passed="1">
  <reporter-output>
  </reporter-output>
  <suite name="Default suite" duration-ms="7264" started-at="2017-06-12T03:48:32Z" finished-at="2017-06-12T03:48:39Z">
    <groups>
    </groups>
    <test name="Default test" duration-ms="7264" started-at="2017-06-12T03:48:32Z" finished-at="2017-06-12T03:48:39Z">
      <class name="TestHover">
        <test-method status="PASS" signature="setUp()[pri:0, instance:TestHover@46d56d67]" name="setUp" is-config="true" duration-ms="6240" started-at="2017-06-12T10:48:32Z" finished-at="2017-06-12T10:48:38Z">
          <reporter-output>
          </reporter-output>
        </test-method> <!-- setUp -->
        <test-method status="PASS" signature="checkHover()[pri:0, instance:TestHover@46d56d67]" name="checkHover" duration-ms="148" started-at="2017-06-12T10:48:38Z" finished-at="2017-06-12T10:48:38Z">
          <reporter-output>
          </reporter-output>
        </test-method> <!-- checkHover -->
        <test-method status="PASS" signature="tearDown()[pri:0, instance:TestHover@46d56d67]" name="tearDown" is-config="true" duration-ms="863" started-at="2017-06-12T10:48:38Z" finished-at="2017-06-12T10:48:39Z">
          <reporter-output>
          </reporter-output>
        </test-method> <!-- tearDown -->
      </class> <!-- TestHover -->
    </test> <!-- Default test -->
  </suite> <!-- Default suite -->
</testng-results>
